Proyecto App/app/build/intermediates/manifest_merge_blame_file/release/manifest-merger-blame-release-report.txt
1<?xml version="1.0" encoding="utf-8"?>
2<manifest xmlns:android="http://schemas.android.com/apk/res/android"
3    package="com.example.proyecto"
4    android:versionCode="1"
5    android:versionName="Diegonmarti 1.0" >
6
7    <uses-sdk
8        android:minSdkVersion="30"
8-->src\main\AndroidManifest.xml
9        android:targetSdkVersion="33" />
9-->src\main\AndroidManifest.xml
10
11    <uses-permission android:name="android.permission.INTERNET" />
11-->src\main\AndroidManifest.xml:5:5-67
11-->src\main\AndroidManifest.xml:5:22-64
12
13    <!-- Although the *SdkVersion is captured in gradle build files, this is required for non gradle builds -->
14    <!-- <uses-sdk android:minSdkVersion="14" /> -->
15    <uses-permission android:name="android.permission.ACCESS_NETWORK_STATE" />
15-->[com.google.firebase:firebase-firestore:24.6.0] AndroidManifest.xml:12:5-79
15-->[com.google.firebase:firebase-firestore:24.6.0] AndroidManifest.xml:12:22-76
16    <uses-permission android:name="android.permission.WAKE_LOCK" />
16-->[com.google.android.gms:play-services-measurement-api:21.2.2] AndroidManifest.xml:24:5-68
16-->[com.google.android.gms:play-services-measurement-api:21.2.2] AndroidManifest.xml:24:22-65
17    <uses-permission android:name="com.google.android.gms.permission.AD_ID" />
17-->[com.google.android.gms:play-services-measurement-api:21.2.2] AndroidManifest.xml:25:5-79
17-->[com.google.android.gms:play-services-measurement-api:21.2.2] AndroidManifest.xml:25:22-76
18    <uses-permission android:name="com.google.android.finsky.permission.BIND_GET_INSTALL_REFERRER_SERVICE" />
18-->[com.google.android.gms:play-services-measurement:21.2.2] AndroidManifest.xml:26:5-110
18-->[com.google.android.gms:play-services-measurement:21.2.2] AndroidManifest.xml:26:22-107
19
20    <queries>
20-->[androidx.media:media:1.4.1] AndroidManifest.xml:24:5-28:15
21        <intent>
21-->[androidx.media:media:1.4.1] AndroidManifest.xml:25:9-27:18
22            <action android:name="android.media.browse.MediaBrowserService" />
22-->[androidx.media:media:1.4.1] AndroidManifest.xml:26:13-79
22-->[androidx.media:media:1.4.1] AndroidManifest.xml:26:21-76
23        </intent>
24    </queries>
25
26    <permission
26-->[androidx.core:core:1.9.0] AndroidManifest.xml:22:5-24:47
27        android:name="com.example.proyecto.DYNAMIC_RECEIVER_NOT_EXPORTED_PERMISSION"
27-->[androidx.core:core:1.9.0] AndroidManifest.xml:23:9-81
28        android:protectionLevel="signature" />
28-->[androidx.core:core:1.9.0] AndroidManifest.xml:24:9-44
29
30    <uses-permission android:name="com.example.proyecto.DYNAMIC_RECEIVER_NOT_EXPORTED_PERMISSION" />
30-->[androidx.core:core:1.9.0] AndroidManifest.xml:26:5-97
30-->[androidx.core:core:1.9.0] AndroidManifest.xml:26:22-94
31
32    <application
32-->src\main\AndroidManifest.xml:7:5-54:19
33        android:allowBackup="true"
33-->src\main\AndroidManifest.xml:8:9-35
34        android:appComponentFactory="androidx.core.app.CoreComponentFactory"
34-->[androidx.core:core:1.9.0] AndroidManifest.xml:28:18-86
35        android:dataExtractionRules="@xml/data_extraction_rules"
35-->src\main\AndroidManifest.xml:9:9-65
36        android:extractNativeLibs="false"
37        android:fullBackupContent="@xml/backup_rules"
37-->src\main\AndroidManifest.xml:10:9-54
38        android:icon="@mipmap/ic_icono_launcher_round"
38-->src\main\AndroidManifest.xml:11:9-55
39        android:label="@string/app_name"
39-->src\main\AndroidManifest.xml:12:9-41
40        android:supportsRtl="true"
40-->src\main\AndroidManifest.xml:13:9-35
41        android:theme="@style/Theme.Proyecto" >
41-->src\main\AndroidManifest.xml:14:9-46
42        <activity
42-->src\main\AndroidManifest.xml:16:9-18:40
43            android:name="com.example.proyecto.instrucciones_cuidador"
43-->src\main\AndroidManifest.xml:17:13-51
44            android:exported="false" />
44-->src\main\AndroidManifest.xml:18:13-37
45        <activity
45-->src\main\AndroidManifest.xml:19:9-21:40
46            android:name="com.example.proyecto.instrucciones_dueno"
46-->src\main\AndroidManifest.xml:20:13-48
47            android:exported="false" />
47-->src\main\AndroidManifest.xml:21:13-37
48        <activity
48-->src\main\AndroidManifest.xml:22:9-24:40
49            android:name="com.example.proyecto.informacion_cuidadores"
49-->src\main\AndroidManifest.xml:23:13-51
50            android:exported="false" />
50-->src\main\AndroidManifest.xml:24:13-37
51        <activity
51-->src\main\AndroidManifest.xml:25:9-27:40
52            android:name="com.example.proyecto.perfil_dueno"
52-->src\main\AndroidManifest.xml:26:13-41
53            android:exported="false" />
53-->src\main\AndroidManifest.xml:27:13-37
54        <activity
54-->src\main\AndroidManifest.xml:28:9-30:40
55            android:name="com.example.proyecto.carrito"
55-->src\main\AndroidManifest.xml:29:13-36
56            android:exported="false" />
56-->src\main\AndroidManifest.xml:30:13-37
57        <activity
57-->src\main\AndroidManifest.xml:31:9-33:40
58            android:name="com.example.proyecto.menu_dueno"
58-->src\main\AndroidManifest.xml:32:13-39
59            android:exported="false" />
59-->src\main\AndroidManifest.xml:33:13-37
60        <activity
60-->src\main\AndroidManifest.xml:34:9-36:40
61            android:name="com.example.proyecto.perfil_cuidador"
61-->src\main\AndroidManifest.xml:35:13-44
62            android:exported="false" />
62-->src\main\AndroidManifest.xml:36:13-37
63        <activity
63-->src\main\AndroidManifest.xml:37:9-39:40
64            android:name="com.example.proyecto.Userlist"
64-->src\main\AndroidManifest.xml:38:13-37
65            android:exported="false" />
65-->src\main\AndroidManifest.xml:39:13-37
66        <activity
66-->src\main\AndroidManifest.xml:40:9-49:20
67            android:name="com.example.proyecto.Inicio"
67-->src\main\AndroidManifest.xml:41:13-35
68            android:exported="true"
68-->src\main\AndroidManifest.xml:42:13-36
69            android:label="@string/app_name" >
69-->src\main\AndroidManifest.xml:43:13-45
70            <intent-filter>
70-->src\main\AndroidManifest.xml:44:13-48:29
71                <action android:name="android.intent.action.MAIN" />
71-->src\main\AndroidManifest.xml:45:17-69
71-->src\main\AndroidManifest.xml:45:25-66
72
73                <category android:name="android.intent.category.LAUNCHER" />
73-->src\main\AndroidManifest.xml:47:17-77
73-->src\main\AndroidManifest.xml:47:27-74
74            </intent-filter>
75        </activity>
76        <activity
76-->src\main\AndroidManifest.xml:50:9-53:48
77            android:name="com.example.proyecto.login_register"
77-->src\main\AndroidManifest.xml:51:13-43
78            android:exported="true"
78-->src\main\AndroidManifest.xml:52:13-36
79            android:label="@string/app_name" />
79-->src\main\AndroidManifest.xml:53:13-45
80
81        <service
81-->[com.google.firebase:firebase-perf:20.3.2] AndroidManifest.xml:13:9-19:19
82            android:name="com.google.firebase.components.ComponentDiscoveryService"
82-->[com.google.firebase:firebase-perf:20.3.2] AndroidManifest.xml:14:13-84
83            android:directBootAware="true"
83-->[com.google.firebase:firebase-common:20.3.2] AndroidManifest.xml:34:13-43
84            android:exported="false" >
84-->[com.google.firebase:firebase-perf:20.3.2] AndroidManifest.xml:15:13-37
85            <meta-data
85-->[com.google.firebase:firebase-perf:20.3.2] AndroidManifest.xml:16:13-18:85
86                android:name="com.google.firebase.components:com.google.firebase.perf.FirebasePerfRegistrar"
86-->[com.google.firebase:firebase-perf:20.3.2] AndroidManifest.xml:17:17-109
87                android:value="com.google.firebase.components.ComponentRegistrar" />
87-->[com.google.firebase:firebase-perf:20.3.2] AndroidManifest.xml:18:17-82
88            <meta-data
88-->[com.google.firebase:firebase-auth-ktx:22.0.0] AndroidManifest.xml:11:13-13:85
89                android:name="com.google.firebase.components:com.google.firebase.auth.ktx.FirebaseAuthKtxRegistrar"
89-->[com.google.firebase:firebase-auth-ktx:22.0.0] AndroidManifest.xml:12:17-116
90                android:value="com.google.firebase.components.ComponentRegistrar" />
90-->[com.google.firebase:firebase-auth-ktx:22.0.0] AndroidManifest.xml:13:17-82
91            <meta-data
91-->[com.google.firebase:firebase-firestore:24.6.0] AndroidManifest.xml:19:13-21:85
92                android:name="com.google.firebase.components:com.google.firebase.firestore.FirestoreRegistrar"
92-->[com.google.firebase:firebase-firestore:24.6.0] AndroidManifest.xml:20:17-111
93                android:value="com.google.firebase.components.ComponentRegistrar" />
93-->[com.google.firebase:firebase-firestore:24.6.0] AndroidManifest.xml:21:17-82
94            <meta-data
94-->[com.google.firebase:firebase-database:20.2.1] AndroidManifest.xml:31:13-33:85
95                android:name="com.google.firebase.components:com.google.firebase.database.DatabaseRegistrar"
95-->[com.google.firebase:firebase-database:20.2.1] AndroidManifest.xml:32:17-109
96                android:value="com.google.firebase.components.ComponentRegistrar" />
96-->[com.google.firebase:firebase-database:20.2.1] AndroidManifest.xml:33:17-82
97            <meta-data
97-->[com.google.firebase:firebase-storage:20.2.0] AndroidManifest.xml:32:13-34:85
98                android:name="com.google.firebase.components:com.google.firebase.storage.StorageRegistrar"
98-->[com.google.firebase:firebase-storage:20.2.0] AndroidManifest.xml:33:17-107
99                android:value="com.google.firebase.components.ComponentRegistrar" />
99-->[com.google.firebase:firebase-storage:20.2.0] AndroidManifest.xml:34:17-82
100            <meta-data
100-->[com.google.firebase:firebase-auth:22.0.0] AndroidManifest.xml:69:13-71:85
101                android:name="com.google.firebase.components:com.google.firebase.auth.FirebaseAuthRegistrar"
101-->[com.google.firebase:firebase-auth:22.0.0] AndroidManifest.xml:70:17-109
102                android:value="com.google.firebase.components.ComponentRegistrar" />
102-->[com.google.firebase:firebase-auth:22.0.0] AndroidManifest.xml:71:17-82
103            <meta-data
103-->[com.google.firebase:firebase-datatransport:18.1.8] AndroidManifest.xml:27:13-29:85
104                android:name="com.google.firebase.components:com.google.firebase.datatransport.TransportRegistrar"
104-->[com.google.firebase:firebase-datatransport:18.1.8] AndroidManifest.xml:28:17-115
105                android:value="com.google.firebase.components.ComponentRegistrar" />
105-->[com.google.firebase:firebase-datatransport:18.1.8] AndroidManifest.xml:29:17-82
106            <meta-data
106-->[com.google.firebase:firebase-config:21.4.0] AndroidManifest.xml:31:13-33:85
107                android:name="com.google.firebase.components:com.google.firebase.remoteconfig.RemoteConfigRegistrar"
107-->[com.google.firebase:firebase-config:21.4.0] AndroidManifest.xml:32:17-117
108                android:value="com.google.firebase.components.ComponentRegistrar" />
108-->[com.google.firebase:firebase-config:21.4.0] AndroidManifest.xml:33:17-82
109            <meta-data
109-->[com.google.firebase:firebase-common-ktx:20.3.2] AndroidManifest.xml:14:13-16:85
110                android:name="com.google.firebase.components:com.google.firebase.ktx.FirebaseCommonKtxRegistrar"
110-->[com.google.firebase:firebase-common-ktx:20.3.2] AndroidManifest.xml:15:17-113
111                android:value="com.google.firebase.components.ComponentRegistrar" />
111-->[com.google.firebase:firebase-common-ktx:20.3.2] AndroidManifest.xml:16:17-82
112            <meta-data
112-->[com.google.android.gms:play-services-measurement-api:21.2.2] AndroidManifest.xml:31:13-33:85
113                android:name="com.google.firebase.components:com.google.firebase.analytics.connector.internal.AnalyticsConnectorRegistrar"
113-->[com.google.android.gms:play-services-measurement-api:21.2.2] AndroidManifest.xml:32:17-139
114                android:value="com.google.firebase.components.ComponentRegistrar" />
114-->[com.google.android.gms:play-services-measurement-api:21.2.2] AndroidManifest.xml:33:17-82
115            <meta-data
115-->[com.google.firebase:firebase-installations:17.1.3] AndroidManifest.xml:17:13-19:85
116                android:name="com.google.firebase.components:com.google.firebase.installations.FirebaseInstallationsRegistrar"
116-->[com.google.firebase:firebase-installations:17.1.3] AndroidManifest.xml:18:17-127
117                android:value="com.google.firebase.components.ComponentRegistrar" />
117-->[com.google.firebase:firebase-installations:17.1.3] AndroidManifest.xml:19:17-82
118            <meta-data
118-->[com.google.firebase:firebase-abt:21.1.1] AndroidManifest.xml:12:13-14:85
119                android:name="com.google.firebase.components:com.google.firebase.abt.component.AbtRegistrar"
119-->[com.google.firebase:firebase-abt:21.1.1] AndroidManifest.xml:13:17-109
120                android:value="com.google.firebase.components.ComponentRegistrar" />
120-->[com.google.firebase:firebase-abt:21.1.1] AndroidManifest.xml:14:17-82
121        </service>
122
123        <activity
123-->[com.google.android.gms:play-services-auth:20.1.0] AndroidManifest.xml:23:9-27:75
124            android:name="com.google.android.gms.auth.api.signin.internal.SignInHubActivity"
124-->[com.google.android.gms:play-services-auth:20.1.0] AndroidManifest.xml:24:13-93
125            android:excludeFromRecents="true"
125-->[com.google.android.gms:play-services-auth:20.1.0] AndroidManifest.xml:25:13-46
126            android:exported="false"
126-->[com.google.android.gms:play-services-auth:20.1.0] AndroidManifest.xml:26:13-37
127            android:theme="@android:style/Theme.Translucent.NoTitleBar" />
127-->[com.google.android.gms:play-services-auth:20.1.0] AndroidManifest.xml:27:13-72
128        <!--
129            Service handling Google Sign-In user revocation. For apps that do not integrate with
130            Google Sign-In, this service will never be started.
131        -->
132        <service
132-->[com.google.android.gms:play-services-auth:20.1.0] AndroidManifest.xml:33:9-37:51
133            android:name="com.google.android.gms.auth.api.signin.RevocationBoundService"
133-->[com.google.android.gms:play-services-auth:20.1.0] AndroidManifest.xml:34:13-89
134            android:exported="true"
134-->[com.google.android.gms:play-services-auth:20.1.0] AndroidManifest.xml:35:13-36
135            android:permission="com.google.android.gms.auth.api.signin.permission.REVOCATION_NOTIFICATION"
135-->[com.google.android.gms:play-services-auth:20.1.0] AndroidManifest.xml:36:13-107
136            android:visibleToInstantApps="true" />
136-->[com.google.android.gms:play-services-auth:20.1.0] AndroidManifest.xml:37:13-48
137
138        <activity
138-->[com.google.firebase:firebase-auth:22.0.0] AndroidManifest.xml:29:9-46:20
139            android:name="com.google.firebase.auth.internal.GenericIdpActivity"
139-->[com.google.firebase:firebase-auth:22.0.0] AndroidManifest.xml:30:13-80
140            android:excludeFromRecents="true"
140-->[com.google.firebase:firebase-auth:22.0.0] AndroidManifest.xml:31:13-46
141            android:exported="true"
141-->[com.google.firebase:firebase-auth:22.0.0] AndroidManifest.xml:32:13-36
142            android:launchMode="singleTask"
142-->[com.google.firebase:firebase-auth:22.0.0] AndroidManifest.xml:33:13-44
143            android:theme="@android:style/Theme.Translucent.NoTitleBar" >
143-->[com.google.firebase:firebase-auth:22.0.0] AndroidManifest.xml:34:13-72
144            <intent-filter>
144-->[com.google.firebase:firebase-auth:22.0.0] AndroidManifest.xml:35:13-45:29
145                <action android:name="android.intent.action.VIEW" />
145-->[com.google.firebase:firebase-auth:22.0.0] AndroidManifest.xml:36:17-69
145-->[com.google.firebase:firebase-auth:22.0.0] AndroidManifest.xml:36:25-66
146
147                <category android:name="android.intent.category.DEFAULT" />
147-->[com.google.firebase:firebase-auth:22.0.0] AndroidManifest.xml:38:17-76
147-->[com.google.firebase:firebase-auth:22.0.0] AndroidManifest.xml:38:27-73
148                <category android:name="android.intent.category.BROWSABLE" />
148-->[com.google.firebase:firebase-auth:22.0.0] AndroidManifest.xml:39:17-78
148-->[com.google.firebase:firebase-auth:22.0.0] AndroidManifest.xml:39:27-75
149
150                <data
150-->[com.google.firebase:firebase-auth:22.0.0] AndroidManifest.xml:41:17-44:51
151                    android:host="firebase.auth"
151-->[com.google.firebase:firebase-auth:22.0.0] AndroidManifest.xml:42:21-49
152                    android:path="/"
152-->[com.google.firebase:firebase-auth:22.0.0] AndroidManifest.xml:43:21-37
153                    android:scheme="genericidp" />
153-->[com.google.firebase:firebase-auth:22.0.0] AndroidManifest.xml:44:21-48
154            </intent-filter>
155        </activity>
156        <activity
156-->[com.google.firebase:firebase-auth:22.0.0] AndroidManifest.xml:47:9-64:20
157            android:name="com.google.firebase.auth.internal.RecaptchaActivity"
157-->[com.google.firebase:firebase-auth:22.0.0] AndroidManifest.xml:48:13-79
158            android:excludeFromRecents="true"
158-->[com.google.firebase:firebase-auth:22.0.0] AndroidManifest.xml:49:13-46
159            android:exported="true"
159-->[com.google.firebase:firebase-auth:22.0.0] AndroidManifest.xml:50:13-36
160            android:launchMode="singleTask"
160-->[com.google.firebase:firebase-auth:22.0.0] AndroidManifest.xml:51:13-44
161            android:theme="@android:style/Theme.Translucent.NoTitleBar" >
161-->[com.google.firebase:firebase-auth:22.0.0] AndroidManifest.xml:52:13-72
162            <intent-filter>
162-->[com.google.firebase:firebase-auth:22.0.0] AndroidManifest.xml:53:13-63:29
163                <action android:name="android.intent.action.VIEW" />
163-->[com.google.firebase:firebase-auth:22.0.0] AndroidManifest.xml:36:17-69
163-->[com.google.firebase:firebase-auth:22.0.0] AndroidManifest.xml:36:25-66
164
165                <category android:name="android.intent.category.DEFAULT" />
165-->[com.google.firebase:firebase-auth:22.0.0] AndroidManifest.xml:38:17-76
165-->[com.google.firebase:firebase-auth:22.0.0] AndroidManifest.xml:38:27-73
166                <category android:name="android.intent.category.BROWSABLE" />
166-->[com.google.firebase:firebase-auth:22.0.0] AndroidManifest.xml:39:17-78
166-->[com.google.firebase:firebase-auth:22.0.0] AndroidManifest.xml:39:27-75
167
168                <data
168-->[com.google.firebase:firebase-auth:22.0.0] AndroidManifest.xml:41:17-44:51
169                    android:host="firebase.auth"
169-->[com.google.firebase:firebase-auth:22.0.0] AndroidManifest.xml:42:21-49
170                    android:path="/"
170-->[com.google.firebase:firebase-auth:22.0.0] AndroidManifest.xml:43:21-37
171                    android:scheme="recaptcha" />
171-->[com.google.firebase:firebase-auth:22.0.0] AndroidManifest.xml:44:21-48
172            </intent-filter>
173        </activity>
174
175        <meta-data
175-->[com.android.support:cardview-v7:26.1.0] AndroidManifest.xml:23:9-25:38
176            android:name="android.support.VERSION"
176-->[com.android.support:cardview-v7:26.1.0] AndroidManifest.xml:24:13-51
177            android:value="26.1.0" />
177-->[com.android.support:cardview-v7:26.1.0] AndroidManifest.xml:25:13-35
178
179        <service
179-->[com.google.android.datatransport:transport-backend-cct:3.1.9] AndroidManifest.xml:28:9-34:19
180            android:name="com.google.android.datatransport.runtime.backends.TransportBackendDiscovery"
180-->[com.google.android.datatransport:transport-backend-cct:3.1.9] AndroidManifest.xml:29:13-103
181            android:exported="false" >
181-->[com.google.android.datatransport:transport-backend-cct:3.1.9] AndroidManifest.xml:30:13-37
182            <meta-data
182-->[com.google.android.datatransport:transport-backend-cct:3.1.9] AndroidManifest.xml:31:13-33:39
183                android:name="backend:com.google.android.datatransport.cct.CctBackendFactory"
183-->[com.google.android.datatransport:transport-backend-cct:3.1.9] AndroidManifest.xml:32:17-94
184                android:value="cct" />
184-->[com.google.android.datatransport:transport-backend-cct:3.1.9] AndroidManifest.xml:33:17-36
185        </service>
186        <service
186-->[com.google.android.datatransport:transport-runtime:3.1.9] AndroidManifest.xml:26:9-30:19
187            android:name="com.google.android.datatransport.runtime.scheduling.jobscheduling.JobInfoSchedulerService"
187-->[com.google.android.datatransport:transport-runtime:3.1.9] AndroidManifest.xml:27:13-117
188            android:exported="false"
188-->[com.google.android.datatransport:transport-runtime:3.1.9] AndroidManifest.xml:28:13-37
189            android:permission="android.permission.BIND_JOB_SERVICE" >
189-->[com.google.android.datatransport:transport-runtime:3.1.9] AndroidManifest.xml:29:13-69
190        </service>
191
192        <receiver
192-->[com.google.android.datatransport:transport-runtime:3.1.9] AndroidManifest.xml:32:9-34:40
193            android:name="com.google.android.datatransport.runtime.scheduling.jobscheduling.AlarmManagerSchedulerBroadcastReceiver"
193-->[com.google.android.datatransport:transport-runtime:3.1.9] AndroidManifest.xml:33:13-132
194            android:exported="false" />
194-->[com.google.android.datatransport:transport-runtime:3.1.9] AndroidManifest.xml:34:13-37
195
196        <provider
196-->[com.google.firebase:firebase-common:20.3.2] AndroidManifest.xml:25:9-30:39
197            android:name="com.google.firebase.provider.FirebaseInitProvider"
197-->[com.google.firebase:firebase-common:20.3.2] AndroidManifest.xml:26:13-77
198            android:authorities="com.example.proyecto.firebaseinitprovider"
198-->[com.google.firebase:firebase-common:20.3.2] AndroidManifest.xml:27:13-72
199            android:directBootAware="true"
199-->[com.google.firebase:firebase-common:20.3.2] AndroidManifest.xml:28:13-43
200            android:exported="false"
200-->[com.google.firebase:firebase-common:20.3.2] AndroidManifest.xml:29:13-37
201            android:initOrder="100" />
201-->[com.google.firebase:firebase-common:20.3.2] AndroidManifest.xml:30:13-36
202
203        <receiver
203-->[com.google.android.gms:play-services-measurement:21.2.2] AndroidManifest.xml:29:9-33:20
204            android:name="com.google.android.gms.measurement.AppMeasurementReceiver"
204-->[com.google.android.gms:play-services-measurement:21.2.2] AndroidManifest.xml:30:13-85
205            android:enabled="true"
205-->[com.google.android.gms:play-services-measurement:21.2.2] AndroidManifest.xml:31:13-35
206            android:exported="false" >
206-->[com.google.android.gms:play-services-measurement:21.2.2] AndroidManifest.xml:32:13-37
207        </receiver>
208
209        <service
209-->[com.google.android.gms:play-services-measurement:21.2.2] AndroidManifest.xml:35:9-38:40
210            android:name="com.google.android.gms.measurement.AppMeasurementService"
210-->[com.google.android.gms:play-services-measurement:21.2.2] AndroidManifest.xml:36:13-84
211            android:enabled="true"
211-->[com.google.android.gms:play-services-measurement:21.2.2] AndroidManifest.xml:37:13-35
212            android:exported="false" />
212-->[com.google.android.gms:play-services-measurement:21.2.2] AndroidManifest.xml:38:13-37
213        <service
213-->[com.google.android.gms:play-services-measurement:21.2.2] AndroidManifest.xml:39:9-43:72
214            android:name="com.google.android.gms.measurement.AppMeasurementJobService"
214-->[com.google.android.gms:play-services-measurement:21.2.2] AndroidManifest.xml:40:13-87
215            android:enabled="true"
215-->[com.google.android.gms:play-services-measurement:21.2.2] AndroidManifest.xml:41:13-35
216            android:exported="false"
216-->[com.google.android.gms:play-services-measurement:21.2.2] AndroidManifest.xml:42:13-37
217            android:permission="android.permission.BIND_JOB_SERVICE" />
217-->[com.google.android.gms:play-services-measurement:21.2.2] AndroidManifest.xml:43:13-69
218
219        <activity
219-->[com.google.android.gms:play-services-base:18.1.0] AndroidManifest.xml:20:9-22:45
220            android:name="com.google.android.gms.common.api.GoogleApiActivity"
220-->[com.google.android.gms:play-services-base:18.1.0] AndroidManifest.xml:20:19-85
221            android:exported="false"
221-->[com.google.android.gms:play-services-base:18.1.0] AndroidManifest.xml:22:19-43
222            android:theme="@android:style/Theme.Translucent.NoTitleBar" />
222-->[com.google.android.gms:play-services-base:18.1.0] AndroidManifest.xml:21:19-78
223
224        <meta-data
224-->[com.google.android.gms:play-services-basement:18.1.0] AndroidManifest.xml:21:9-23:69
225            android:name="com.google.android.gms.version"
225-->[com.google.android.gms:play-services-basement:18.1.0] AndroidManifest.xml:22:13-58
226            android:value="@integer/google_play_services_version" />
226-->[com.google.android.gms:play-services-basement:18.1.0] AndroidManifest.xml:23:13-66
227
228        <provider
228-->[androidx.emoji2:emoji2:1.2.0] AndroidManifest.xml:24:9-32:20
229            android:name="androidx.startup.InitializationProvider"
229-->[androidx.emoji2:emoji2:1.2.0] AndroidManifest.xml:25:13-67
230            android:authorities="com.example.proyecto.androidx-startup"
230-->[androidx.emoji2:emoji2:1.2.0] AndroidManifest.xml:26:13-68
231            android:exported="false" >
231-->[androidx.emoji2:emoji2:1.2.0] AndroidManifest.xml:27:13-37
232            <meta-data
232-->[androidx.emoji2:emoji2:1.2.0] AndroidManifest.xml:29:13-31:52
233                android:name="androidx.emoji2.text.EmojiCompatInitializer"
233-->[androidx.emoji2:emoji2:1.2.0] AndroidManifest.xml:30:17-75
234                android:value="androidx.startup" />
234-->[androidx.emoji2:emoji2:1.2.0] AndroidManifest.xml:31:17-49
235            <meta-data
235-->[androidx.lifecycle:lifecycle-process:2.4.1] AndroidManifest.xml:31:13-33:52
236                android:name="androidx.lifecycle.ProcessLifecycleInitializer"
236-->[androidx.lifecycle:lifecycle-process:2.4.1] AndroidManifest.xml:32:17-78
237                android:value="androidx.startup" />
237-->[androidx.lifecycle:lifecycle-process:2.4.1] AndroidManifest.xml:33:17-49
238        </provider>
239    </application>
240
241</manifest>